<?xml version="1.0" encoding="UTF-8"?>
<testsuite xmlns:xsi="http://www.w3.org/2001/XMLSchema-instance" xsi:noNamespaceSchemaLocation="https://maven.apache.org/surefire/maven-surefire-plugin/xsd/surefire-test-report-3.0.xsd" version="3.0" name="net.osgg.Triangle.AppTest" time="1.838" tests="12" errors="0" skipped="0" failures="0">
  <properties>
[...]
</properties>
  <testcase name="TC00" classname="net.osgg.Triangle.AppTest" time="1.548"/>
  <testcase name="TC01" classname="net.osgg.Triangle.AppTest" time="0.035"/>
  <testcase name="TC02" classname="net.osgg.Triangle.AppTest" time="0.004"/>
  <testcase name="TC03" classname="net.osgg.Triangle.AppTest" time="0.007"/>
  <testcase name="TC04" classname="net.osgg.Triangle.AppTest" time="0.004"/>
  <testcase name="TC05" classname="net.osgg.Triangle.AppTest" time="0.002"/>
  <testcase name="TC06" classname="net.osgg.Triangle.AppTest" time="0.001"/>
  <testcase name="TC07" classname="net.osgg.Triangle.AppTest" time="0.004"/>
  <testcase name="TC08" classname="net.osgg.Triangle.AppTest" time="0.002"/>
  <testcase name="TC09" classname="net.osgg.Triangle.AppTest" time="0.005"/>
  <testcase name="TC10" classname="net.osgg.Triangle.AppTest" time="0.007"/>
  <testcase name="TC11" classname="net.osgg.Triangle.AppTest" time="0.024"/>
</testsuite>